{
  "RSpec": {
    "coverage": {
      "/Users/harrisonryan/Turing/4Mod/projects/tea_app/spec/requests/api/v1/customers_subscriptions_spec.rb": {
        "lines": [
          1,
          null,
          1,
          4,
          4,
          null,
          4,
          4,
          null,
          4,
          4,
          4,
          null,
          1,
          1,
          null,
          1,
          null,
          null,
          null,
          null,
          null,
          null,
          null,
          null,
          null,
          null,
          1,
          2,
          null,
          1,
          1,
          null,
          1,
          1,
          1,
          1,
          1,
          1,
          1,
          1,
          1,
          null,
          null,
          null,
          null,
          1,
          1,
          null,
          1,
          2,
          null,
          1,
          1,
          1,
          1,
          null,
          null,
          null,
          null,
          1,
          1,
          2,
          null,
          1,
          1,
          null,
          1,
          1,
          null,
          1,
          1,
          1,
          1,
          1,
          1,
          null,
          1,
          1,
          1,
          1,
          1,
          1,
          null,
          null,
          null,
          null
        ]
      },
      "/Users/harrisonryan/Turing/4Mod/projects/tea_app/config/environment.rb": {
        "lines": [
          null,
          1,
          null,
          null,
          1
        ]
      },
      "/Users/harrisonryan/Turing/4Mod/projects/tea_app/config/application.rb": {
        "lines": [
          1,
          null,
          1,
          null,
          1,
          1,
          1,
          1,
          1,
          1,
          1,
          1,
          1,
          1,
          null,
          null,
          null,
          null,
          1,
          null,
          1,
          1,
          null,
          1,
          null,
          null,
          null,
          null,
          null,
          null,
          null,
          null,
          null,
          null,
          null,
          null,
          1,
          null,
          null
        ]
      },
      "/Users/harrisonryan/Turing/4Mod/projects/tea_app/config/boot.rb": {
        "lines": [
          1,
          null,
          1,
          1
        ]
      },
      "/Users/harrisonryan/Turing/4Mod/projects/tea_app/config/environments/test.rb": {
        "lines": [
          1,
          null,
          null,
          null,
          null,
          null,
          null,
          1,
          null,
          null,
          null,
          1,
          null,
          null,
          null,
          null,
          1,
          null,
          null,
          1,
          1,
          null,
          null,
          null,
          null,
          1,
          1,
          1,
          null,
          null,
          1,
          null,
          null,
          1,
          null,
          null,
          1,
          null,
          1,
          null,
          null,
          null,
          null,
          1,
          null,
          null,
          1,
          null,
          null,
          1,
          null,
          null,
          1,
          null,
          null,
          null,
          null,
          null,
          null,
          null
        ]
      },
      "/Users/harrisonryan/Turing/4Mod/projects/tea_app/config/initializers/cors.rb": {
        "lines": [
          null,
          null,
          null,
          null,
          null,
          null,
          null,
          null,
          null,
          null,
          null,
          null,
          null,
          null,
          null,
          null
        ]
      },
      "/Users/harrisonryan/Turing/4Mod/projects/tea_app/config/initializers/filter_parameter_logging.rb": {
        "lines": [
          null,
          null,
          null,
          null,
          null,
          1,
          null,
          null
        ]
      },
      "/Users/harrisonryan/Turing/4Mod/projects/tea_app/config/initializers/inflections.rb": {
        "lines": [
          null,
          null,
          null,
          null,
          null,
          null,
          null,
          null,
          null,
          null,
          null,
          null,
          null,
          null,
          null,
          null
        ]
      },
      "/Users/harrisonryan/Turing/4Mod/projects/tea_app/spec/factories/customers.rb": {
        "lines": [
          1,
          1,
          7,
          7,
          7,
          7,
          null,
          null
        ]
      },
      "/Users/harrisonryan/Turing/4Mod/projects/tea_app/spec/factories/subscriptions.rb": {
        "lines": [
          1,
          1,
          10,
          10,
          10,
          10,
          1,
          null,
          null
        ]
      },
      "/Users/harrisonryan/Turing/4Mod/projects/tea_app/spec/factories/teas.rb": {
        "lines": [
          1,
          1,
          7,
          7,
          7,
          7,
          null,
          null
        ]
      },
      "/Users/harrisonryan/Turing/4Mod/projects/tea_app/config/routes.rb": {
        "lines": [
          1,
          1,
          1,
          1,
          1,
          null,
          null,
          null,
          null
        ]
      },
      "/Users/harrisonryan/Turing/4Mod/projects/tea_app/spec/requests/api/v1/subscriptions_spec.rb": {
        "lines": [
          null,
          null,
          null,
          null,
          null,
          null,
          null,
          null,
          null,
          null,
          null,
          null,
          null,
          null,
          null,
          null,
          null,
          null,
          null,
          null,
          null,
          null,
          null,
          null,
          null,
          null,
          null,
          null,
          null,
          null,
          null,
          null,
          null,
          null,
          null,
          null,
          null,
          null,
          null,
          null,
          null,
          null,
          null,
          null,
          null,
          null,
          null,
          null,
          null,
          null,
          null,
          null,
          null
        ]
      },
      "/Users/harrisonryan/Turing/4Mod/projects/tea_app/app/models/customer.rb": {
        "lines": [
          1,
          1,
          null,
          1,
          null
        ]
      },
      "/Users/harrisonryan/Turing/4Mod/projects/tea_app/app/models/application_record.rb": {
        "lines": [
          1,
          1,
          null
        ]
      },
      "/Users/harrisonryan/Turing/4Mod/projects/tea_app/app/models/tea.rb": {
        "lines": [
          1,
          1,
          1,
          null,
          1,
          null
        ]
      },
      "/Users/harrisonryan/Turing/4Mod/projects/tea_app/app/models/subscription.rb": {
        "lines": [
          1,
          1,
          1,
          1,
          null,
          1,
          null
        ]
      },
      "/Users/harrisonryan/Turing/4Mod/projects/tea_app/app/models/subscription_tea.rb": {
        "lines": [
          1,
          1,
          1,
          null
        ]
      },
      "/Users/harrisonryan/Turing/4Mod/projects/tea_app/app/controllers/api/v1/subscriptions_controller.rb": {
        "lines": [
          1,
          1,
          1,
          1,
          1,
          null,
          null,
          1,
          1,
          1,
          1,
          null,
          null,
          1,
          1,
          1,
          1,
          1,
          null,
          null,
          1,
          1,
          2,
          null,
          null
        ]
      },
      "/Users/harrisonryan/Turing/4Mod/projects/tea_app/app/controllers/application_controller.rb": {
        "lines": [
          1,
          null
        ]
      },
      "/Users/harrisonryan/Turing/4Mod/projects/tea_app/app/serializers/subscription_serializer.rb": {
        "lines": [
          1,
          1,
          1,
          1,
          4,
          null,
          null
        ]
      }
    },
    "timestamp": 1686242062
  }
}
